<?xml version="1.0" encoding="UTF-8"?>
<!-- Generated by org.testng.reporters.JUnitReportReporter -->
<testsuite hostname="Apptesting" failures="0" tests="1" name="Demotest.Login_facebook" time="8.316" errors="0" timestamp="2022-08-11T14:24:44 IST" skipped="0">
  <testcase classname="Demotest.Login_facebook" name="Login2" time="8.316"/>
  <system-out/>
</testsuite> <!-- Demotest.Login_facebook -->
